<?xml version="1.0" encoding="UTF-8" ?>
<testsuite errors="0" failures="0" hostname="PTGHP450-AM" name="com.wm.ps.test.WmTestSuite [FibonachiTest]" tests="2" time="0.569" timestamp="2017-09-08T23:13:50">
  <properties>
    <property name="java.vendor" value="Oracle Corporation" />
    <property name="isTests" value="./assets/IS/Tests" />
    <property name="sun.java.launcher" value="SUN_STANDARD" />
    <property name="testISUsername" value="Administrator" />
    <property name="sun.management.compiler" value="HotSpot 64-Bit Tiered Compilers" />
    <property name="os.name" value="Windows 7" />
    <property name="rulesProjectsDir" value="C:\Program Files (x86)\Jenkins\workspace\SAG_CICD_Demo\assets\Rules" />
    <property name="sun.boot.class.path" value="C:\Program Files\Java\jdk1.8.0_45\jre\lib\resources.jar;C:\Program Files\Java\jdk1.8.0_45\jre\lib\rt.jar;C:\Program Files\Java\jdk1.8.0_45\jre\lib\sunrsasign.jar;C:\Program Files\Java\jdk1.8.0_45\jre\lib\jsse.jar;C:\Program Files\Java\jdk1.8.0_45\jre\lib\jce.jar;C:\Program Files\Java\jdk1.8.0_45\jre\lib\charsets.jar;C:\Program Files\Java\jdk1.8.0_45\jre\lib\jfr.jar;C:\Program Files\Java\jdk1.8.0_45\jre\classes" />
    <property name="workspace.dir" value="C:\Program Files (x86)\Jenkins\workspace\SAG_CICD_Demo" />
    <property name="sun.desktop" value="windows" />
    <property name="isPackages" value="./assets/IS/Packages" />
    <property name="ant.file.type.ProjectInitializer" value="file" />
    <property name="java.vm.specification.vendor" value="Oracle Corporation" />
    <property name="SAGHome" value="C:/SoftwareAG/wM912" />
    <property name="ant.home" value="C:\SoftwareAG\wM912\common\AssetBuildEnvironment\ant\bin\.." />
    <property name="abeHome" value="C:/SoftwareAG/wM912/common/AssetBuildEnvironment" />
    <property name="java.runtime.version" value="1.8.0_45-b15" />
    <property name="isProjectsDir" value="C:\Program Files (x86)\Jenkins\workspace\SAG_CICD_Demo\assets\IS\Packages" />
    <property name="ant.file.Build and Deploy Solution" value="C:\software\DevOps\sagdevops-ci-assets\build.xml" />
    <property name="user.name" value="PTGHP450-AM$" />
    <property name="isTestDir" value="C:\Program Files (x86)\Jenkins\workspace\SAG_CICD_Demo\assets\IS\Tests" />
    <property name="isWindows" value="true" />
    <property name="bpmProjectsDir" value="C:\Program Files (x86)\Jenkins\workspace\SAG_CICD_Demo\assets\BPM" />
    <property name="user.language" value="en" />
    <property name="sun.boot.library.path" value="C:\Program Files\Java\jdk1.8.0_45\jre\bin" />
    <property name="ant.file.type.Build" value="file" />
    <property name="ant.project.default-target" value="buildDeployTest" />
    <property name="ant.file.type.Deploy" value="file" />
    <property name="ant.project.name" value="Build and Deploy Solution" />
    <property name="java.version" value="1.8.0_45" />
    <property name="deployerHost" value="localhost" />
    <property name="user.timezone" value="America/New_York" />
    <property name="ant.file.Build" value="C:\software\DevOps\sagdevops-ci-assets\buildCallABE.xml" />
    <property name="sun.arch.data.model" value="64" />
    <property name="buildOutputDir" value="C:\Program Files (x86)\Jenkins\workspace\SAG_CICD_Demo/target/SAG_CICD_Demo/build" />
    <property name="fileBasename" value="FibonachiTest" />
    <property name="mwsProjects" value="./assets/MWS/" />
    <property name="java.endorsed.dirs" value="C:\Program Files\Java\jdk1.8.0_45\jre\lib\endorsed" />
    <property name="sun.cpu.isalist" value="amd64" />
    <property name="sun.jnu.encoding" value="Cp1252" />
    <property name="file.encoding.pkg" value="sun.io" />
    <property name="projectName" value="SAG_CICD_Demo" />
    <property name="file.separator" value="\" />
    <property name="java.specification.name" value="Java Platform API Specification" />
    <property name="testPackageName" value="C:\Program Files (x86)\Jenkins\workspace\SAG_CICD_Demo\assets\IS\Tests\FibonachiTest" />
    <property name="repositoryName" value="SAG_CICD_DemoRepo" />
    <property name="webMethods.test.setup.filename" value="C:\Program Files (x86)\Jenkins\workspace\SAG_CICD_Demo\assets\IS\Tests\FibonachiTest\resources\test\xml\setup\FibonachiTest.xml" />
    <property name="java.class.version" value="52.0" />
    <property name="user.country" value="US" />
    <property name="webMethods.integrationServer.userid" value="Administrator" />
    <property name="java.home" value="C:\Program Files\Java\jdk1.8.0_45\jre" />
    <property name="deployerProjectDefinitionTemplate" value="resources/ProjectSpecificationTemplate.xml" />
    <property name="java.vm.info" value="mixed mode" />
    <property name="ant.file" value="C:\software\DevOps\sagdevops-ci-assets\build.xml" />
    <property name="os.version" value="6.1" />
    <property name="bpmProjects" value="./assets/BPM/" />
    <property name="path.separator" value=";" />
    <property name="java.vm.version" value="25.45-b02" />
    <property name="ant.file.type.Build and Deploy Solution" value="file" />
    <property name="abeBuildfileDir" value="master_build" />
    <property name="user.variant" value="" />
    <property name="ant.library.dir" value="C:\SoftwareAG\wM912\common\AssetBuildEnvironment\ant\lib" />
    <property name="webMethods.integrationServer.port" value="5555" />
    <property name="java.awt.printerjob" value="sun.awt.windows.WPrinterJob" />
    <property name="sun.io.unicode.encoding" value="UnicodeLittle" />
    <property name="awt.toolkit" value="sun.awt.windows.WToolkit" />
    <property name="rulesProjects" value="./assets/Rules/" />
    <property name="user.script" value="" />
    <property name="testISHost" value="localhost" />
    <property name="user.home" value="C:\windows\system32\config\systemprofile" />
    <property name="mwsProjectsDir" value="C:\Program Files (x86)\Jenkins\workspace\SAG_CICD_Demo\assets\MWS" />
    <property name="java.specification.vendor" value="Oracle Corporation" />
    <property name="java.vendor.url" value="http://java.oracle.com/" />
    <property name="java.library.path" value="C:\Program Files\Java\jdk1.8.0_45\jre\bin;C:\windows\Sun\Java\bin;C:\windows\system32;C:\windows;C:\Program Files (x86)\RSA SecurID Token Common;C:\Program Files\RSA SecurID Token Common;C:\Pivotal_GemFire_NativeClient_64bit_8200\bin;C:\oraclexe\app\oracle\product\11.2.0\server\bin;C:\ProgramData\Oracle\Java\javapath;C:\Program Files (x86)\Intel\iCLS Client\;C:\Program Files\Intel\iCLS Client\;C:\windows\system32;C:\windows;C:\windows\System32\Wbem;C:\windows\System32\WindowsPowerShell\v1.0\;c:\Program Files (x86)\ATI Technologies\ATI.ACE\Core-Static;C:\Program Files\Intel\Intel(R) Management Engine Components\DAL;C:\Program Files (x86)\Intel\Intel(R) Management Engine Components\DAL;C:\Program Files\Intel\Intel(R) Management Engine Components\IPT;C:\Program Files (x86)\Intel\Intel(R) Management Engine Components\IPT;c:\Program Files (x86)\Microsoft SQL Server\110\Tools\Binn\;c:\Program Files\Microsoft SQL Server\110\Tools\Binn\;c:\Program Files\Microsoft SQL Server\110\DTS\Binn\;c:\Program Files (x86)\Microsoft SQL Server\110\Tools\Binn\ManagementStudio\;c:\Program Files (x86)\Microsoft SQL Server\110\DTS\Binn\;C:\Program Files\nodejs\;C:\Users\AMalhotra\Documents\Cabot\TFS\TEE-CLC-12.0.2\TEE-CLC-12.0.2\;C:\software\android-sdk-windows;C:\software\android-sdk-windows\platform-tools;C:\software\android-sdk-windows\platforms;C:\software\android-sdk-windows\tools;C:\software\sqllite;C:\windows\system32\config\systemprofile\.dnx\bin;C:\Program Files\Microsoft DNX\Dnvm\;C:\Program Files (x86)\Windows Kits\10\Windows Performance Toolkit\;C:\Program Files\Git\cmd;C:\Program Files\Git\bin;C:\software\monitoring\sigar-lib;C:\Program Files\MIT\Kerberos\bin;C:\Program Files (x86)\Skype\Phone\;;." />
    <property name="resourcesFolder" value="C:\Program Files (x86)\Jenkins\workspace\SAG_CICD_Demo\assets\IS\Tests\FibonachiTest/resources" />
    <property name="ant.file.testBuild" value="C:\Program Files (x86)\Jenkins\workspace\SAG_CICD_Demo\build.xml" />
    <property name="java.vm.vendor" value="Oracle Corporation" />
    <property name="java.runtime.name" value="Java(TM) SE Runtime Environment" />
    <property name="ant.version" value="Apache Ant(TM) version 1.8.2 compiled on December 20 2010" />
    <property name="sun.java.command" value="org.apache.tools.ant.taskdefs.optional.junit.JUnitTestRunner com.wm.ps.test.WmTestSuite filtertrace=true haltOnError=false haltOnFailure=false formatter=org.apache.tools.ant.taskdefs.optional.junit.SummaryJUnitResultFormatter showoutput=true outputtoformatters=true logfailedtests=true logtestlistenerevents=false formatter=org.apache.tools.ant.taskdefs.optional.junit.XMLJUnitResultFormatter,C:\Program Files (x86)\Jenkins\workspace\SAG_CICD_Demo\assets\IS\Tests\FibonachiTest\resources\reports\TEST-FibonachiTest.xml crashfile=C:\software\DevOps\sagdevops-ci-assets\junitvmwatcher1287952003738481969.properties propsfile=C:\software\DevOps\sagdevops-ci-assets\junit188195719314662098.properties" />
    <property name="java.class.path" value="C:\SoftwareAG\wM912\common\lib\ext\enttoolkit.jar;C:\SoftwareAG\wM912\common\lib\glassfish\gf.javax.mail.jar;C:\SoftwareAG\wM912\common\lib\wm-isclient.jar;C:\SoftwareAG\wM912\IntegrationServer\lib\wm-isserver.jar;C:\software\DevOps\sagdevops-ci-assets\lib\httpunit.jar;C:\software\DevOps\sagdevops-ci-assets\lib\junit-4.8.2.jar;C:\software\DevOps\sagdevops-ci-assets\lib\xmlunit1.0.jar;C:\software\DevOps\sagdevops-ci-assets\lib\serviceInterceptor.jar;C:\software\DevOps\sagdevops-ci-assets\lib\serviceMockClient.jar;C:\SoftwareAG\wM912\common\AssetBuildEnvironment\ant\lib\ant-launcher.jar;C:\SoftwareAG\wM912\common\AssetBuildEnvironment\ant\lib\ant.jar;C:\SoftwareAG\wM912\common\AssetBuildEnvironment\ant\lib\ant-junit.jar;C:\SoftwareAG\wM912\common\AssetBuildEnvironment\ant\lib\ant-junit4.jar" />
    <property name="deployerPort" value="5555" />
    <property name="umProjectsDir" value="C:\Program Files (x86)\Jenkins\workspace\SAG_CICD_Demo\assets\UniversalMessaging" />
    <property name="java.vm.specification.name" value="Java Virtual Machine Specification" />
    <property name="ant.file.type" value="file" />
    <property name="umExport" value="./assets/UniversalMessaging" />
    <property name="java.vm.specification.version" value="1.8" />
    <property name="sun.cpu.endian" value="little" />
    <property name="sun.os.patch.level" value="Service Pack 1" />
    <property name="deployerInstallationPath" value="C:/SoftwareAG/wM912/IntegrationServer/instances/default/packages/WmDeployer/bin/" />
    <property name="java.io.tmpdir" value="C:\windows\TEMP\" />
    <property name="testPackageNamePattern" value="*_Test" />
    <property name="java.vendor.url.bug" value="http://bugreport.sun.com/bugreport/" />
    <property name="ant.file.test" value="C:\software\DevOps\sagdevops-ci-assets\buildTest.xml" />
    <property name="webMethods.integrationServer.name" value="localhost" />
    <property name="ant.file.type.test" value="file" />
    <property name="jenkinsReportDir" value="C:\Program Files (x86)\Jenkins\workspace\SAG_CICD_Demo/report" />
    <property name="java.awt.graphicsenv" value="sun.awt.Win32GraphicsEnvironment" />
    <property name="failedTestList" value="" />
    <property name="os.arch" value="amd64" />
    <property name="deployerProjectDefinition" value="C:\Program Files (x86)\Jenkins\workspace\SAG_CICD_Demo/ProjectAutomator/SAG_CICD_DemoDeploymentSpec.xml" />
    <property name="java.ext.dirs" value="C:\Program Files\Java\jdk1.8.0_45\jre\lib\ext;C:\windows\Sun\Java\lib\ext" />
    <property name="ant.file.type.testBuild" value="file" />
    <property name="user.dir" value="C:\Program Files (x86)\Jenkins\workspace\SAG_CICD_Demo\assets\IS\Tests\FibonachiTest" />
    <property name="testPackageReportsDir" value="C:\Program Files (x86)\Jenkins\workspace\SAG_CICD_Demo\assets\IS\Tests\FibonachiTest/resources/reports" />
    <property name="ant.file.Deploy" value="C:\software\DevOps\sagdevops-ci-assets\buildDeployer.xml" />
    <property name="abeBuildPropertiesReference" value="master_build_Reference/build.properties" />
    <property name="line.separator" value="&#xd;&#xa;" />
    <property name="java.vm.name" value="Java HotSpot(TM) 64-Bit Server VM" />
    <property name="isConfigDir" value="./assets/IS/config" />
    <property name="SAG_CI_HOME" value="C:/software/DevOps/sagdevops-ci-assets" />
    <property name="basedir" value="C:\software\DevOps\sagdevops-ci-assets" />
    <property name="deployerPassword" value="manage" />
    <property name="ant.file.ProjectInitializer" value="C:\software\DevOps\sagdevops-ci-assets\buildInitProject.xml" />
    <property name="ant.java.version" value="1.7" />
    <property name="ant.core.lib" value="C:\SoftwareAG\wM912\common\AssetBuildEnvironment\ant\lib\ant.jar" />
    <property name="file.encoding" value="Cp1252" />
    <property name="isReportingToJenkins" value="true" />
    <property name="testISPort" value="5555" />
    <property name="abeBuildfileFile" value="build.xml" />
    <property name="webMethods.integrationServer.password" value="manage" />
    <property name="deployerUsername" value="Administrator" />
    <property name="initialXSLT" value="resources/setUpInitial.xslt" />
    <property name="testSuitePackagesPath" value="C:\Program Files (x86)\Jenkins\workspace\SAG_CICD_Demo\assets\IS\Tests" />
    <property name="java.specification.version" value="1.8" />
    <property name="testISPassword" value="manage" />
    <property name="ant.project.invoked-targets" value="junitTestAndReportXML" />
  </properties>
  <testcase classname="com.wm.ps.test.WmTestCase" name="Straigt Case" time="0.268" />
  <testcase classname="com.wm.ps.test.WmTestCase" name="TestException" time="0.255" />
  <system-out><![CDATA[]]></system-out>
  <system-err><![CDATA[]]></system-err>
</testsuite>
